<?xml version="1.0" encoding="UTF-8"?>
<!-- Generated by org.testng.reporters.JUnitReportReporter -->
<testsuite hostname="ALDEMIA-y" failures="1" tests="2" name="subscripts.TesterLeParametreDeCommandeSubscript" time="80.827" errors="0" timestamp="2024-08-13T15:32:31 CEST" skipped="0">
  <testcase classname="subscripts.TesterLeParametreDeCommandeSubscript" name="TcTesterLeParametreDeCommandeSubscript" time="30.535">
    <failure message="ActionMouseKey (subscripts.TesterLeParametreDeCommandeSubscript-iter2:8) -&gt; {&quot;app&quot;:&quot;chrome&quot;,&quot;errorCode&quot;:-1,&quot;errorMessage&quot;:&quot;ELEMENT_NOT_FOUND A[data-title=\&quot;Banana\&quot;][2] after 10273 ms&quot;}" type="com.ats.tools.logger.levels.AtsFailError">
      <![CDATA[com.ats.tools.logger.levels.AtsFailError: ActionMouseKey (subscripts.TesterLeParametreDeCommandeSubscript-iter2:8) -> {"app":"chrome","errorCode":-1,"errorMessage":"ELEMENT_NOT_FOUND A[data-title=\"Banana\"][2] after 10273 ms"}
at com.ats.executor.ActionTestScript.actionFinished(ActionTestScript.java:1205)
at com.ats.executor.ActionTestScript.exec(ActionTestScript.java:1151)
at subscripts.TesterLeParametreDeCommandeSubscript.TcTesterLeParametreDeCommandeSubscript(Unknown Source)
at java.base/jdk.internal.reflect.DirectMethodHandleAccessor.invoke(DirectMethodHandleAccessor.java:103)
at java.base/java.lang.reflect.Method.invoke(Method.java:580)
at org.testng.internal.invokers.MethodInvocationHelper.invokeMethod(MethodInvocationHelper.java:141)
at org.testng.internal.invokers.TestInvoker.invokeMethod(TestInvoker.java:686)
at org.testng.internal.invokers.TestInvoker.invokeTestMethod(TestInvoker.java:230)
at org.testng.internal.invokers.MethodRunner.runInSequence(MethodRunner.java:63)
at org.testng.internal.invokers.TestInvoker$MethodInvocationAgent.invoke(TestInvoker.java:992)
at org.testng.internal.invokers.TestInvoker.invokeTestMethods(TestInvoker.java:203)
at org.testng.internal.invokers.TestMethodWorker.invokeTestMethods(TestMethodWorker.java:154)
at org.testng.internal.invokers.TestMethodWorker.run(TestMethodWorker.java:134)
at java.base/java.util.ArrayList.forEach(ArrayList.java:1596)
at org.testng.TestRunner.privateRun(TestRunner.java:739)
at org.testng.TestRunner.run(TestRunner.java:614)
at org.testng.SuiteRunner.runTest(SuiteRunner.java:421)
at org.testng.SuiteRunner.runSequentially(SuiteRunner.java:413)
at org.testng.SuiteRunner.privateRun(SuiteRunner.java:373)
at org.testng.SuiteRunner.run(SuiteRunner.java:312)
at org.testng.SuiteRunnerWorker.runSuite(SuiteRunnerWorker.java:52)
at org.testng.SuiteRunnerWorker.run(SuiteRunnerWorker.java:95)
at org.testng.TestNG.runSuitesSequentially(TestNG.java:1274)
at org.testng.TestNG.runSuitesLocally(TestNG.java:1208)
at org.testng.TestNG.runSuites(TestNG.java:1112)
at org.testng.TestNG.run(TestNG.java:1079)
at com.ats.script.actions.ActionCallscript.execute(ActionCallscript.java:702)
at com.ats.executor.ActionTestScript.exec(ActionTestScript.java:1126)
at construction_de_commande.TesterLeParametreDeCommand.TcTesterLeParametreDeCommand(Unknown Source)
at java.base/jdk.internal.reflect.DirectMethodHandleAccessor.invoke(DirectMethodHandleAccessor.java:103)
at java.base/java.lang.reflect.Method.invoke(Method.java:580)
at org.testng.internal.invokers.MethodInvocationHelper.invokeMethod(MethodInvocationHelper.java:141)
at org.testng.internal.invokers.TestInvoker.invokeMethod(TestInvoker.java:686)
at org.testng.internal.invokers.TestInvoker.invokeTestMethod(TestInvoker.java:230)
at org.testng.internal.invokers.MethodRunner.runInSequence(MethodRunner.java:63)
at org.testng.internal.invokers.TestInvoker$MethodInvocationAgent.invoke(TestInvoker.java:992)
at org.testng.internal.invokers.TestInvoker.invokeTestMethods(TestInvoker.java:203)
at org.testng.internal.invokers.TestMethodWorker.invokeTestMethods(TestMethodWorker.java:154)
at org.testng.internal.invokers.TestMethodWorker.run(TestMethodWorker.java:134)
at java.base/java.util.ArrayList.forEach(ArrayList.java:1596)
at org.testng.TestRunner.privateRun(TestRunner.java:739)
at org.testng.TestRunner.run(TestRunner.java:614)
at org.testng.SuiteRunner.runTest(SuiteRunner.java:421)
at org.testng.SuiteRunner.runSequentially(SuiteRunner.java:413)
at org.testng.SuiteRunner.privateRun(SuiteRunner.java:373)
at org.testng.SuiteRunner.run(SuiteRunner.java:312)
at org.testng.SuiteRunnerWorker.runSuite(SuiteRunnerWorker.java:52)
at org.testng.SuiteRunnerWorker.run(SuiteRunnerWorker.java:95)
at org.testng.TestNG.runSuitesSequentially(TestNG.java:1274)
at org.testng.TestNG.runSuitesLocally(TestNG.java:1208)
at org.testng.TestNG.runSuites(TestNG.java:1112)
at org.testng.TestNG.run(TestNG.java:1079)
at org.testng.TestNG.privateMain(TestNG.java:1430)
at org.testng.TestNG.main(TestNG.java:1394)
]]>
    </failure>
    <system-out>
      <![CDATA[- ELEMENT_NOT_FOUND A[data-title="Banana"][2] after 10273 ms]]>
    </system-out>
  </testcase> <!-- TcTesterLeParametreDeCommandeSubscript -->
  <testcase classname="subscripts.TesterLeParametreDeCommandeSubscript" name="TcTesterLeParametreDeCommandeSubscript" time="50.292"/>
  <system-out>
    <![CDATA[- This script can be stopped if 'q' is sent to 'System.in' stream
- This script can be stopped if 'q' is sent to 'System.in' stream
- This script can be stopped if 'q' is sent to 'System.in' stream
- ELEMENT_NOT_FOUND A[data-title="Banana"][2] after 10273 ms]]>
  </system-out>
</testsuite> <!-- subscripts.TesterLeParametreDeCommandeSubscript -->
