<?xml version="1.0" encoding="UTF-8"?>
<!-- Generated by org.testng.reporters.JUnitReportReporter -->
<testsuite hostname="ALDEMIA-y" failures="0" tests="1" name="construction_de_commande.TesterLeParametreDeCommand" time="133.668" errors="0" timestamp="2024-08-13T15:32:31 CEST" skipped="0">
  <testcase classname="construction_de_commande.TesterLeParametreDeCommand" name="TcTesterLeParametreDeCommand" time="133.668"/>
  <system-out>
    <![CDATA[- This script can be stopped if 'q' is sent to 'System.in' stream
- This script can be stopped if 'q' is sent to 'System.in' stream
- This script can be stopped if 'q' is sent to 'System.in' stream
- ELEMENT_NOT_FOUND A[data-title="Banana"][2] after 10273 ms]]>
  </system-out>
</testsuite> <!-- construction_de_commande.TesterLeParametreDeCommand -->
