<?xml version="1.0" encoding="UTF-8"?>
<!-- Generated by org.testng.reporters.JUnitReportReporter -->
<testsuite hostname="ALDEMIA-y" failures="0" tests="1" name="construction_de_commande.TesterAjouterMultipleArticleAvecMultipleToppings" time="140.779" errors="0" timestamp="2024-08-02T16:08:05 CEST" skipped="0">
  <testcase classname="construction_de_commande.TesterAjouterMultipleArticleAvecMultipleToppings" name="TcTesterAjouterMultipleArticleAvecMultipleToppings" time="140.779">
    <system-out>
      <![CDATA[- Subscript -> {"called":"subscripts.TesterAjouterMultipleArticleAvecMultipleToppingsSubscript","iteration":"1/2","type":"dataFile","url":"C:\\Users\\AishwaryaMANORE\\Documents\\AgilitestProjects\\QAFOOD\\target\\classes\\assets\\data\\data_construction_de_commande\\TesterAjouterMultipleArticleAvecMultipleToppings.csv","parameters":[{"FoodItem":"12 wings"},{"Topping1":"Ketchup"},{"Topping2":"Sauce douce"},{"Topping3":"Sauce piquante"}],"name":"construction_de_commande.TesterAjouterMultipleArticleAvecMultipleToppings","line":0}
- Subscript -> {"condition":{"variable":{"propertyVar1":"Vos paramètres de commande"},"compare":{"operator":"==","value":"Vos paramètres de commande"},"continue":true},"called":"subscripts.ParametreDeCommande","iteration":"1/1","type":"dataFile","url":"C:\\Users\\AishwaryaMANORE\\Documents\\AgilitestProjects\\QAFOOD\\target\\classes\\assets\\data\\data_construction_de_commande\\ParametreDeCommande.csv","parameters":[{"LiveraisonOuEmporter":"Livraison"},{"Temps":"19:00"}],"name":"subscripts.TesterAjouterMultipleArticleAvecMultipleToppingsSubscript","line":5}
- Subscript -> {"called":"subscripts.TesterAjouterMultipleArticleAvecMultipleToppingsSubscript","iteration":"2/2","type":"dataFile","url":"C:\\Users\\AishwaryaMANORE\\Documents\\AgilitestProjects\\QAFOOD\\target\\classes\\assets\\data\\data_construction_de_commande\\TesterAjouterMultipleArticleAvecMultipleToppings.csv","parameters":[{"FoodItem":"Feuilletés poulet bacon"},{"Topping1":"Ketchup"},{"Topping2":""},{"Topping3":""}],"name":"construction_de_commande.TesterAjouterMultipleArticleAvecMultipleToppings","line":0}
- Subscript -> {"condition":{"variable":{"propertyVar1":""},"compare":{"operator":"==","value":"Vos paramètres de commande"},"continue":false},"name":"subscripts.TesterAjouterMultipleArticleAvecMultipleToppingsSubscript","line":5}]]>
    </system-out>
  </testcase> <!-- TcTesterAjouterMultipleArticleAvecMultipleToppings -->
  <system-out>
    <![CDATA[- Subscript -> {"called":"subscripts.TesterAjouterMultipleArticleAvecMultipleToppingsSubscript","iteration":"1/2","type":"dataFile","url":"C:\\Users\\AishwaryaMANORE\\Documents\\AgilitestProjects\\QAFOOD\\target\\classes\\assets\\data\\data_construction_de_commande\\TesterAjouterMultipleArticleAvecMultipleToppings.csv","parameters":[{"FoodItem":"12 wings"},{"Topping1":"Ketchup"},{"Topping2":"Sauce douce"},{"Topping3":"Sauce piquante"}],"name":"construction_de_commande.TesterAjouterMultipleArticleAvecMultipleToppings","line":0}
- Subscript -> {"condition":{"variable":{"propertyVar1":"Vos paramètres de commande"},"compare":{"operator":"==","value":"Vos paramètres de commande"},"continue":true},"called":"subscripts.ParametreDeCommande","iteration":"1/1","type":"dataFile","url":"C:\\Users\\AishwaryaMANORE\\Documents\\AgilitestProjects\\QAFOOD\\target\\classes\\assets\\data\\data_construction_de_commande\\ParametreDeCommande.csv","parameters":[{"LiveraisonOuEmporter":"Livraison"},{"Temps":"19:00"}],"name":"subscripts.TesterAjouterMultipleArticleAvecMultipleToppingsSubscript","line":5}
- Subscript -> {"called":"subscripts.TesterAjouterMultipleArticleAvecMultipleToppingsSubscript","iteration":"2/2","type":"dataFile","url":"C:\\Users\\AishwaryaMANORE\\Documents\\AgilitestProjects\\QAFOOD\\target\\classes\\assets\\data\\data_construction_de_commande\\TesterAjouterMultipleArticleAvecMultipleToppings.csv","parameters":[{"FoodItem":"Feuilletés poulet bacon"},{"Topping1":"Ketchup"},{"Topping2":""},{"Topping3":""}],"name":"construction_de_commande.TesterAjouterMultipleArticleAvecMultipleToppings","line":0}
- Subscript -> {"condition":{"variable":{"propertyVar1":""},"compare":{"operator":"==","value":"Vos paramètres de commande"},"continue":false},"name":"subscripts.TesterAjouterMultipleArticleAvecMultipleToppingsSubscript","line":5}
- Subscript -> {"called":"subscripts.TesterLeParametreDeCommandeSubscript","iteration":"1/2","type":"dataFile","url":"C:\\Users\\AishwaryaMANORE\\Documents\\AgilitestProjects\\QAFOOD\\target\\classes\\assets\\data\\data_construction_de_commande\\TesterParametreDeCommand.csv","parameters":[{"Browser":"chrome"},{"EmailID":"aishwarya.manore@aldemia.fr"},{"Password":"Password"},{"FoodItem":"Feuilletés poulet bacon"},{"LiveraisonOuEmporter":"Livraison"},{"Temps":"19:30"},{"Toppings":"Sauce douce"}],"name":"construction_de_commande.TesterLeParametreDeCommand","line":0}
- Subscript -> {"called":"subscripts.TesterLeParametreDeCommandeSubscript","iteration":"2/2","type":"dataFile","url":"C:\\Users\\AishwaryaMANORE\\Documents\\AgilitestProjects\\QAFOOD\\target\\classes\\assets\\data\\data_construction_de_commande\\TesterParametreDeCommand.csv","parameters":[{"Browser":"chrome"},{"EmailID":"aishwarya.manore@aldemia.fr"},{"Password":"Password"},{"FoodItem":"12 wings"},{"LiveraisonOuEmporter":"À emporter"},{"Temps":"18:30"},{"Toppings":"Ketchup"}],"name":"construction_de_commande.TesterLeParametreDeCommand","line":0}]]>
  </system-out>
</testsuite> <!-- construction_de_commande.TesterAjouterMultipleArticleAvecMultipleToppings -->
