<?xml version="1.0" encoding="UTF-8"?>
<!-- Generated by org.testng.reporters.JUnitReportReporter -->
<testsuite hostname="ALDEMIA-y" failures="0" tests="1" name="construction_de_commande.TesterAjouterMultipleArticleAvecMultipleToppings" time="105.203" errors="0" timestamp="2024-08-08T16:30:14 CEST" skipped="0">
  <testcase classname="construction_de_commande.TesterAjouterMultipleArticleAvecMultipleToppings" name="TcTesterAjouterMultipleArticleAvecMultipleToppings" time="105.203">
    <system-out>
      <![CDATA[- Subscript -> {"called":"subscripts.TesterAjouterMultipleArticleAvecMultipleToppingsSubscript","iteration":"1/2","type":"dataFile","url":"C:\\Users\\AishwaryaMANORE\\Documents\\AgilitestProjects\\QAFOOD\\target\\classes\\assets\\data\\data_construction_de_commande\\TesterAjouterMultipleArticleAvecMultipleToppings.csv","parameters":[{"FoodItem":"12 wings"},{"Topping1":"Ketchup"},{"Topping2":"Sauce douce"},{"Topping3":"Sauce piquante"}],"name":"construction_de_commande.TesterAjouterMultipleArticleAvecMultipleToppings","line":0}
- Subscript -> {"condition":{"variable":{"iter":"1"},"compare":{"operator":"==","value":"1"},"continue":true},"called":"subscripts.ParametreDeCommande","iteration":"1/1","type":"dataFile","url":"C:\\Users\\AishwaryaMANORE\\Documents\\AgilitestProjects\\QAFOOD\\target\\classes\\assets\\data\\data_construction_de_commande\\ParametreDeCommande.csv","parameters":[{"LiveraisonOuEmporter":"Livraison"},{"Temps":"19:00"}],"name":"subscripts.TesterAjouterMultipleArticleAvecMultipleToppingsSubscript","line":3}
- Subscript -> {"called":"subscripts.TesterAjouterMultipleArticleAvecMultipleToppingsSubscript","iteration":"2/2","type":"dataFile","url":"C:\\Users\\AishwaryaMANORE\\Documents\\AgilitestProjects\\QAFOOD\\target\\classes\\assets\\data\\data_construction_de_commande\\TesterAjouterMultipleArticleAvecMultipleToppings.csv","parameters":[{"FoodItem":"Feuilletés poulet bacon"},{"Topping1":"Ketchup"},{"Topping2":""},{"Topping3":""}],"name":"construction_de_commande.TesterAjouterMultipleArticleAvecMultipleToppings","line":0}
- Subscript -> {"condition":{"variable":{"iter":"2"},"compare":{"operator":"==","value":"1"},"continue":false},"name":"subscripts.TesterAjouterMultipleArticleAvecMultipleToppingsSubscript","line":3}]]>
    </system-out>
  </testcase> <!-- TcTesterAjouterMultipleArticleAvecMultipleToppings -->
  <system-out>
    <![CDATA[- Subscript -> {"called":"subscripts.TesterAjouterMultipleArticleAvecMultipleToppingsSubscript","iteration":"1/2","type":"dataFile","url":"C:\\Users\\AishwaryaMANORE\\Documents\\AgilitestProjects\\QAFOOD\\target\\classes\\assets\\data\\data_construction_de_commande\\TesterAjouterMultipleArticleAvecMultipleToppings.csv","parameters":[{"FoodItem":"12 wings"},{"Topping1":"Ketchup"},{"Topping2":"Sauce douce"},{"Topping3":"Sauce piquante"}],"name":"construction_de_commande.TesterAjouterMultipleArticleAvecMultipleToppings","line":0}
- Subscript -> {"condition":{"variable":{"iter":"1"},"compare":{"operator":"==","value":"1"},"continue":true},"called":"subscripts.ParametreDeCommande","iteration":"1/1","type":"dataFile","url":"C:\\Users\\AishwaryaMANORE\\Documents\\AgilitestProjects\\QAFOOD\\target\\classes\\assets\\data\\data_construction_de_commande\\ParametreDeCommande.csv","parameters":[{"LiveraisonOuEmporter":"Livraison"},{"Temps":"19:00"}],"name":"subscripts.TesterAjouterMultipleArticleAvecMultipleToppingsSubscript","line":3}
- Subscript -> {"called":"subscripts.TesterAjouterMultipleArticleAvecMultipleToppingsSubscript","iteration":"2/2","type":"dataFile","url":"C:\\Users\\AishwaryaMANORE\\Documents\\AgilitestProjects\\QAFOOD\\target\\classes\\assets\\data\\data_construction_de_commande\\TesterAjouterMultipleArticleAvecMultipleToppings.csv","parameters":[{"FoodItem":"Feuilletés poulet bacon"},{"Topping1":"Ketchup"},{"Topping2":""},{"Topping3":""}],"name":"construction_de_commande.TesterAjouterMultipleArticleAvecMultipleToppings","line":0}
- Subscript -> {"condition":{"variable":{"iter":"2"},"compare":{"operator":"==","value":"1"},"continue":false},"name":"subscripts.TesterAjouterMultipleArticleAvecMultipleToppingsSubscript","line":3}
- Subscript -> {"called":"subscripts.TesterLeParametreDeCommandeSubscript","iteration":"1/2","type":"dataFile","url":"C:\\Users\\AishwaryaMANORE\\Documents\\AgilitestProjects\\QAFOOD\\target\\classes\\assets\\data\\data_construction_de_commande\\TesterParametreDeCommand.csv","parameters":[{"Browser":"chrome"},{"EmailID":"aishwarya.manore@aldemia.fr"},{"Password":"Password"},{"FoodItem":"Feuilletés poulet bacon"},{"LiveraisonOuEmporter":"Livraison"},{"Temps":"19:30"},{"Toppings":"Sauce douce"}],"name":"construction_de_commande.TesterLeParametreDeCommand","line":0}
- ELEMENT_NOT_FOUND INPUT[name="rpress_user_login",type="AishwaryaMANORE"] after 10407 ms
- ActionText (subscripts.TesterLeParametreDeCommandeSubscript:3) (Executed action :ActionText)
- ActionText (subscripts.TesterLeParametreDeCommandeSubscript:3) (Executed action :ActionText) after 0 ms]]>
  </system-out>
</testsuite> <!-- construction_de_commande.TesterAjouterMultipleArticleAvecMultipleToppings -->
